[1613560570] Nagios 4.4.6 starting... (PID=22)
[1613560570] Local time is Wed Feb 17 11:16:10 UTC 2021
[1613560570] LOG VERSION: 2.0
[1613560570] qh: Socket '/opt/nagios/var/rw/nagios.qh' successfully initialized
[1613560570] qh: core query handler registered
[1613560570] qh: echo service query handler registered
[1613560570] qh: help for the query handler registered
[1613560570] wproc: Successfully registered manager as @wproc with query handler
[1613560570] wproc: Registry request: name=Core Worker 48;pid=48
[1613560570] wproc: Registry request: name=Core Worker 45;pid=45
[1613560570] wproc: Registry request: name=Core Worker 47;pid=47
[1613560570] wproc: Registry request: name=Core Worker 46;pid=46
[1613560571] Successfully launched command file worker with pid 54
[1613560682] SERVICE ALERT: localhost;HTTP;WARNING;SOFT;1;HTTP WARNING: HTTP/1.1 401 Unauthorized - 691 bytes in 0.001 second response time
[1613560742] SERVICE ALERT: localhost;HTTP;WARNING;SOFT;2;HTTP WARNING: HTTP/1.1 401 Unauthorized - 691 bytes in 0.001 second response time
[1613560795] SERVICE ALERT: localhost;SSH;CRITICAL;SOFT;1;connect to address 127.0.0.1 and port 22: Connection refused
[1613560802] SERVICE ALERT: localhost;HTTP;WARNING;SOFT;3;HTTP WARNING: HTTP/1.1 401 Unauthorized - 691 bytes in 0.000 second response time
[1613560832] SERVICE ALERT: localhost;Swap Usage;CRITICAL;SOFT;1;SWAP CRITICAL - 0% free (0 MB out of 0 MB) - Swap is either disabled, not present, or of zero size.
[1613560855] SERVICE ALERT: localhost;SSH;CRITICAL;SOFT;2;connect to address 127.0.0.1 and port 22: Connection refused
[1613560862] SERVICE ALERT: localhost;HTTP;WARNING;HARD;4;HTTP WARNING: HTTP/1.1 401 Unauthorized - 691 bytes in 0.001 second response time
[1613560892] SERVICE ALERT: localhost;Swap Usage;CRITICAL;SOFT;2;SWAP CRITICAL - 0% free (0 MB out of 0 MB) - Swap is either disabled, not present, or of zero size.
[1613560915] SERVICE ALERT: localhost;SSH;CRITICAL;SOFT;3;connect to address 127.0.0.1 and port 22: Connection refused
[1613560952] SERVICE ALERT: localhost;Swap Usage;CRITICAL;SOFT;3;SWAP CRITICAL - 0% free (0 MB out of 0 MB) - Swap is either disabled, not present, or of zero size.
[1613560975] SERVICE ALERT: localhost;SSH;CRITICAL;HARD;4;connect to address 127.0.0.1 and port 22: Connection refused
[1613561012] SERVICE NOTIFICATION: nagiosadmin;localhost;Swap Usage;CRITICAL;notify-service-by-email;SWAP CRITICAL - 0% free (0 MB out of 0 MB) - Swap is either disabled, not present, or of zero size.
[1613561012] SERVICE ALERT: localhost;Swap Usage;CRITICAL;HARD;4;SWAP CRITICAL - 0% free (0 MB out of 0 MB) - Swap is either disabled, not present, or of zero size.
[1613561017] wproc: NOTIFY job 5 from worker Core Worker 46 is a non-check helper but exited with return code 1
[1613561017] wproc:   host=localhost; service=Swap Usage; contact=nagiosadmin
[1613561017] wproc:   early_timeout=0; exited_ok=1; wait_status=256; error_code=0;
[1613561017] wproc:   stderr line 01: sendmail: Cannot open mailhub:25
[1613564170] Auto-save of retention data completed successfully.
[1613564612] SERVICE NOTIFICATION: nagiosadmin;localhost;Swap Usage;CRITICAL;notify-service-by-email;SWAP CRITICAL - 0% free (0 MB out of 0 MB) - Swap is either disabled, not present, or of zero size.
[1613564617] wproc: NOTIFY job 33 from worker Core Worker 48 is a non-check helper but exited with return code 1
[1613564617] wproc:   host=localhost; service=Swap Usage; contact=nagiosadmin
[1613564617] wproc:   early_timeout=0; exited_ok=1; wait_status=256; error_code=0;
[1613564617] wproc:   stderr line 01: sendmail: Cannot open mailhub:25
[1613566769] Caught SIGTERM, shutting down...
[1613566769] Successfully shutdown... (PID=22)
[1613566773] Nagios 4.4.6 starting... (PID=19)
[1613566773] Local time is Wed Feb 17 12:59:33 UTC 2021
[1613566773] LOG VERSION: 2.0
[1613566773] qh: Socket '/opt/nagios/var/rw/nagios.qh' successfully initialized
[1613566773] qh: core query handler registered
[1613566773] qh: echo service query handler registered
[1613566773] qh: help for the query handler registered
[1613566773] wproc: Successfully registered manager as @wproc with query handler
[1613566773] wproc: Registry request: name=Core Worker 91;pid=91
[1613566773] wproc: Registry request: name=Core Worker 93;pid=93
[1613566773] wproc: Registry request: name=Core Worker 92;pid=92
[1613566773] wproc: Registry request: name=Core Worker 90;pid=90
[1613566773] Warning: Duplicate definition found for service 'Current Load' on host 'localhost' (config file '/opt/nagios/etc/objects/localhost.cfg', starting on line 112)
[1613566773] Successfully launched command file worker with pid 99
[1613566853] SERVICE ALERT: viewadmin110;HTTP;CRITICAL;SOFT;1;connect to address 10.250.10.2 and port 80: Connection refused
[1613566913] SERVICE ALERT: viewadmin110;HTTP;CRITICAL;SOFT;2;connect to address 10.250.10.2 and port 80: Connection refused
[1613566973] SERVICE ALERT: viewadmin110;HTTP;CRITICAL;SOFT;3;connect to address 10.250.10.2 and port 80: Connection refused
[1613567013] SERVICE ALERT: viewadmin110;Swap Usage;CRITICAL;SOFT;1;SWAP CRITICAL - 0% free (0 MB out of 0 MB) - Swap is either disabled, not present, or of zero size.
[1613567033] SERVICE ALERT: viewadmin110;HTTP;CRITICAL;HARD;4;connect to address 10.250.10.2 and port 80: Connection refused
[1613567073] SERVICE ALERT: viewadmin110;Swap Usage;CRITICAL;SOFT;2;SWAP CRITICAL - 0% free (0 MB out of 0 MB) - Swap is either disabled, not present, or of zero size.
[1613567133] SERVICE ALERT: viewadmin110;Swap Usage;CRITICAL;SOFT;3;SWAP CRITICAL - 0% free (0 MB out of 0 MB) - Swap is either disabled, not present, or of zero size.
[1613567193] SERVICE NOTIFICATION: nagiosadmin;viewadmin110;Swap Usage;CRITICAL;notify-service-by-email;SWAP CRITICAL - 0% free (0 MB out of 0 MB) - Swap is either disabled, not present, or of zero size.
[1613567193] SERVICE ALERT: viewadmin110;Swap Usage;CRITICAL;HARD;4;SWAP CRITICAL - 0% free (0 MB out of 0 MB) - Swap is either disabled, not present, or of zero size.
[1613567198] wproc: NOTIFY job 7 from worker Core Worker 92 is a non-check helper but exited with return code 1
[1613567198] wproc:   host=viewadmin110; service=Swap Usage; contact=nagiosadmin
[1613567198] wproc:   early_timeout=0; exited_ok=1; wait_status=256; error_code=0;
[1613567198] wproc:   stderr line 01: sendmail: Cannot open mailhog:1025
[1613568212] SERVICE NOTIFICATION: nagiosadmin;localhost;Swap Usage;CRITICAL;notify-service-by-email;SWAP CRITICAL - 0% free (0 MB out of 0 MB) - Swap is either disabled, not present, or of zero size.
[1613568217] wproc: NOTIFY job 22 from worker Core Worker 91 is a non-check helper but exited with return code 1
[1613568217] wproc:   host=localhost; service=Swap Usage; contact=nagiosadmin
[1613568217] wproc:   early_timeout=0; exited_ok=1; wait_status=256; error_code=0;
[1613568217] wproc:   stderr line 01: sendmail: Cannot open mailhog:1025
[1613570373] Auto-save of retention data completed successfully.
[1613570845] SERVICE NOTIFICATION: nagiosadmin;viewadmin110;Swap Usage;CRITICAL;notify-service-by-email;SWAP CRITICAL - 0% free (0 MB out of 0 MB) - Swap is either disabled, not present, or of zero size.
[1613570850] wproc: NOTIFY job 59 from worker Core Worker 90 is a non-check helper but exited with return code 1
[1613570850] wproc:   host=viewadmin110; service=Swap Usage; contact=nagiosadmin
[1613570850] wproc:   early_timeout=0; exited_ok=1; wait_status=256; error_code=0;
[1613570850] wproc:   stderr line 01: sendmail: Cannot open mailhog:1025
[1613571812] SERVICE NOTIFICATION: nagiosadmin;localhost;Swap Usage;CRITICAL;notify-service-by-email;SWAP CRITICAL - 0% free (0 MB out of 0 MB) - Swap is either disabled, not present, or of zero size.
[1613571817] wproc: NOTIFY job 73 from worker Core Worker 92 is a non-check helper but exited with return code 1
[1613571817] wproc:   host=localhost; service=Swap Usage; contact=nagiosadmin
[1613571817] wproc:   early_timeout=0; exited_ok=1; wait_status=256; error_code=0;
[1613571817] wproc:   stderr line 01: sendmail: Cannot open mailhog:1025
[1613572149] EXTERNAL COMMAND: SEND_CUSTOM_HOST_NOTIFICATION;localhost;0;Nagios Admin;test
[1613572149] HOST NOTIFICATION: nagiosadmin;localhost;CUSTOM (UP);notify-host-by-email;PING OK - Packet loss = 0%, RTA = 0.10 ms;Nagios Admin;test
[1613573447] Caught SIGTERM, shutting down...
[1613573447] Successfully shutdown... (PID=19)
[1613573450] Nagios 4.4.6 starting... (PID=18)
[1613573450] Local time is Wed Feb 17 14:50:50 UTC 2021
[1613573450] LOG VERSION: 2.0
[1613573450] qh: Socket '/opt/nagios/var/rw/nagios.qh' successfully initialized
[1613573450] qh: core query handler registered
[1613573450] qh: echo service query handler registered
[1613573450] qh: help for the query handler registered
[1613573450] wproc: Successfully registered manager as @wproc with query handler
[1613573450] wproc: Registry request: name=Core Worker 24;pid=24
[1613573450] wproc: Registry request: name=Core Worker 21;pid=21
[1613573450] wproc: Registry request: name=Core Worker 23;pid=23
[1613573450] wproc: Registry request: name=Core Worker 22;pid=22
[1613573450] Warning: Duplicate definition found for service 'Current Load' on host 'localhost' (config file '/opt/nagios/etc/objects/localhost.cfg', starting on line 112)
[1613573450] Successfully launched command file worker with pid 27
[1613573520] SERVICE ALERT: viewadmin110;Jenkins;WARNING;SOFT;1;HTTP WARNING: HTTP/1.1 403 Forbidden - 1530 bytes in 0.003 second response time
[1613573580] SERVICE ALERT: viewadmin110;Jenkins;WARNING;SOFT;2;HTTP WARNING: HTTP/1.1 403 Forbidden - 1530 bytes in 0.002 second response time
[1613573640] SERVICE ALERT: viewadmin110;Jenkins;WARNING;SOFT;3;HTTP WARNING: HTTP/1.1 403 Forbidden - 1530 bytes in 0.002 second response time
[1613573700] SERVICE ALERT: viewadmin110;Jenkins;WARNING;HARD;4;HTTP WARNING: HTTP/1.1 403 Forbidden - 1530 bytes in 0.002 second response time
[1613574632] EXTERNAL COMMAND: SEND_CUSTOM_SVC_NOTIFICATION;localhost;PING;0;Nagios Admin;HOLA PRUEBA
[1613574632] SERVICE NOTIFICATION: nagiosadmin;localhost;PING;CUSTOM (OK);notify-service-by-email;PING OK - Packet loss = 0%, RTA = 0.09 ms;Nagios Admin;HOLA PRUEBA
[1613574693] SERVICE NOTIFICATION: nagiosadmin;viewadmin110;Swap Usage;CRITICAL;notify-service-by-email;SWAP CRITICAL - 0% free (0 MB out of 0 MB) - Swap is either disabled, not present, or of zero size.
